------------------------------------------------------------------------------------------------------------------------

[2025-04-24 11:33:39 #1 store] 
Database 'C:\Users\34639\git\Rides25\Rides24\src\main\resources\rides.temp' is opened by 4972@DESKTOP-MHH985K

[2025-04-24 11:33:39 #2 type] 
Type domain.Driver is not enhanced.

[2025-04-24 11:33:39 #3 type] 
Type domain.Ride is not enhanced.

[2025-04-24 11:33:39 #4 type] 
Type domain.Passenger is not enhanced.

------------------------------------------------------------------------------------------------------------------------

[2025-04-24 11:34:22 #1 store] 
Database 'C:\Users\34639\git\Rides25\Rides24\src\main\resources\rides.temp' is opened by 5092@DESKTOP-MHH985K

[2025-04-24 11:34:22 #2 type] 
Type domain.Driver is not enhanced.

[2025-04-24 11:34:22 #3 type] 
Type domain.Ride is not enhanced.

[2025-04-24 11:34:22 #4 type] 
Type domain.Passenger is not enhanced.

------------------------------------------------------------------------------------------------------------------------

[2025-04-24 11:36:29 #1 store] 
Database 'C:\Users\34639\git\Rides25\Rides24\src\main\resources\rides.temp' is opened by 4496@DESKTOP-MHH985K

[2025-04-24 11:36:29 #2 type] 
Type domain.Driver is not enhanced.

[2025-04-24 11:36:29 #3 type] 
Type domain.Ride is not enhanced.

[2025-04-24 11:36:29 #4 type] 
Type domain.Passenger is not enhanced.

