------------------------------------------------------------------------------------------------------------------------

[2025-05-04 10:39:56 #1 store] 
Database 'C:\Users\1153342\git\Rides\Rides24\src\main\resources\rides.temp' has been recovered (tr. 1-10)

[2025-05-04 10:39:56 #2 store] 
Database 'C:\Users\1153342\git\Rides\Rides24\src\main\resources\rides.temp' is opened by 59868@Anne

[2025-05-04 10:39:57 #3 type] 
Type domain.Driver is not enhanced.

[2025-05-04 10:39:57 #4 type] 
Type domain.Ride is not enhanced.

[2025-05-04 10:39:57 #5 type] 
Type domain.Passenger is not enhanced.

[2025-05-04 10:39:57 #6 type] 
Type domain.Car is not enhanced.

[2025-05-04 10:40:25 #7 type.registry] 
New type domain.Reservation

[2025-05-04 10:40:25 #8 type] 
Type domain.Reservation is not enhanced.

------------------------------------------------------------------------------------------------------------------------

[2025-05-04 10:40:44 #1 store] 
Database 'C:\Users\1153342\git\Rides\Rides24\src\main\resources\rides.temp' has been recovered (tr. 11-13)

[2025-05-04 10:40:44 #2 store] 
Database 'C:\Users\1153342\git\Rides\Rides24\src\main\resources\rides.temp' is opened by 44544@Anne

[2025-05-04 10:40:44 #3 type] 
Type domain.Driver is not enhanced.

[2025-05-04 10:40:45 #4 type] 
Type domain.Ride is not enhanced.

[2025-05-04 10:40:45 #5 type] 
Type domain.Passenger is not enhanced.

[2025-05-04 10:40:45 #6 type] 
Type domain.Car is not enhanced.

[2025-05-04 10:40:45 #7 type] 
Type domain.Reservation is not enhanced.

------------------------------------------------------------------------------------------------------------------------

[2025-05-04 10:41:06 #1 store] 
Database 'C:\Users\1153342\git\Rides\Rides24\src\main\resources\rides.temp' has been recovered (tr. 14-14)

[2025-05-04 10:41:06 #2 store] 
Database 'C:\Users\1153342\git\Rides\Rides24\src\main\resources\rides.temp' is opened by 51872@Anne

[2025-05-04 10:41:06 #3 type] 
Type domain.Driver is not enhanced.

[2025-05-04 10:41:06 #4 type] 
Type domain.Ride is not enhanced.

[2025-05-04 10:41:06 #5 type] 
Type domain.Passenger is not enhanced.

[2025-05-04 10:41:06 #6 type] 
Type domain.Car is not enhanced.

[2025-05-04 10:41:06 #7 type] 
Type domain.Reservation is not enhanced.

------------------------------------------------------------------------------------------------------------------------

[2025-05-04 10:41:30 #1 store] 
Database 'C:\Users\1153342\git\Rides\Rides24\src\main\resources\rides.temp' has been recovered (tr. 15-15)

[2025-05-04 10:41:30 #2 store] 
Database 'C:\Users\1153342\git\Rides\Rides24\src\main\resources\rides.temp' is opened by 53996@Anne

[2025-05-04 10:41:30 #3 type] 
Type domain.Driver is not enhanced.

[2025-05-04 10:41:30 #4 type] 
Type domain.Ride is not enhanced.

[2025-05-04 10:41:30 #5 type] 
Type domain.Passenger is not enhanced.

[2025-05-04 10:41:30 #6 type] 
Type domain.Car is not enhanced.

[2025-05-04 10:41:30 #7 type] 
Type domain.Reservation is not enhanced.

------------------------------------------------------------------------------------------------------------------------

[2025-05-04 10:41:50 #1 store] 
Database 'C:\Users\1153342\git\Rides\Rides24\src\main\resources\rides.temp' is opened by 33316@Anne

[2025-05-04 10:41:50 #2 type] 
Type domain.Driver is not enhanced.

[2025-05-04 10:41:50 #3 type] 
Type domain.Ride is not enhanced.

[2025-05-04 10:41:50 #4 type] 
Type domain.Passenger is not enhanced.

[2025-05-04 10:41:50 #5 type] 
Type domain.Car is not enhanced.

[2025-05-04 10:41:50 #6 type] 
Type domain.Reservation is not enhanced.

------------------------------------------------------------------------------------------------------------------------

[2025-05-04 10:42:04 #1 store] 
Database 'C:\Users\1153342\git\Rides\Rides24\src\main\resources\rides.temp' has been recovered (tr. 16-16)

[2025-05-04 10:42:04 #2 store] 
Database 'C:\Users\1153342\git\Rides\Rides24\src\main\resources\rides.temp' is opened by 48096@Anne

[2025-05-04 10:42:04 #3 type] 
Type domain.Driver is not enhanced.

[2025-05-04 10:42:04 #4 type] 
Type domain.Ride is not enhanced.

[2025-05-04 10:42:04 #5 type] 
Type domain.Passenger is not enhanced.

[2025-05-04 10:42:04 #6 type] 
Type domain.Car is not enhanced.

[2025-05-04 10:42:04 #7 type] 
Type domain.Reservation is not enhanced.

[2025-05-04 10:42:13 #8 type.registry] 
New type domain.Mail

[2025-05-04 10:42:13 #9 type] 
Type domain.Mail is not enhanced.

[2025-05-04 10:42:13 #10 type.registry] 
New type java.time.LocalDateTime

------------------------------------------------------------------------------------------------------------------------

[2025-05-04 10:45:08 #1 store] 
Database 'C:\Users\1153342\git\Rides\Rides24\src\main\resources\rides.temp' is opened by 51136@Anne

[2025-05-04 10:45:08 #2 type] 
Type domain.Driver is not enhanced.

[2025-05-04 10:45:08 #3 type] 
Type domain.Ride is not enhanced.

[2025-05-04 10:45:08 #4 type] 
Type domain.Passenger is not enhanced.

[2025-05-04 10:45:08 #5 type] 
Type domain.Car is not enhanced.

[2025-05-04 10:45:08 #6 type] 
Type domain.Reservation is not enhanced.

[2025-05-04 10:45:08 #7 type] 
Type domain.Mail is not enhanced.

------------------------------------------------------------------------------------------------------------------------

[2025-05-04 10:45:22 #1 store] 
Database 'C:\Users\1153342\git\Rides\Rides24\src\main\resources\rides.temp' has been recovered (tr. 19-19)

[2025-05-04 10:45:22 #2 store] 
Database 'C:\Users\1153342\git\Rides\Rides24\src\main\resources\rides.temp' is opened by 53632@Anne

[2025-05-04 10:45:22 #3 type] 
Type domain.Driver is not enhanced.

[2025-05-04 10:45:22 #4 type] 
Type domain.Ride is not enhanced.

[2025-05-04 10:45:22 #5 type] 
Type domain.Passenger is not enhanced.

[2025-05-04 10:45:22 #6 type] 
Type domain.Car is not enhanced.

[2025-05-04 10:45:22 #7 type] 
Type domain.Reservation is not enhanced.

[2025-05-04 10:45:22 #8 type] 
Type domain.Mail is not enhanced.

------------------------------------------------------------------------------------------------------------------------

[2025-05-04 10:45:34 #1 store] 
Database 'C:\Users\1153342\git\Rides\Rides24\src\main\resources\rides.temp' is opened by 21324@Anne

[2025-05-04 10:45:34 #2 type] 
Type domain.Driver is not enhanced.

[2025-05-04 10:45:34 #3 type] 
Type domain.Ride is not enhanced.

[2025-05-04 10:45:34 #4 type] 
Type domain.Passenger is not enhanced.

[2025-05-04 10:45:34 #5 type] 
Type domain.Car is not enhanced.

[2025-05-04 10:45:34 #6 type] 
Type domain.Reservation is not enhanced.

[2025-05-04 10:45:34 #7 type] 
Type domain.Mail is not enhanced.

------------------------------------------------------------------------------------------------------------------------

[2025-05-04 10:45:54 #1 store] 
Database 'C:\Users\1153342\git\Rides\Rides24\src\main\resources\rides.temp' has been recovered (tr. 20-20)

[2025-05-04 10:45:54 #2 store] 
Database 'C:\Users\1153342\git\Rides\Rides24\src\main\resources\rides.temp' is opened by 48668@Anne

[2025-05-04 10:45:54 #3 type] 
Type domain.Driver is not enhanced.

[2025-05-04 10:45:54 #4 type] 
Type domain.Ride is not enhanced.

[2025-05-04 10:45:54 #5 type] 
Type domain.Passenger is not enhanced.

[2025-05-04 10:45:54 #6 type] 
Type domain.Car is not enhanced.

[2025-05-04 10:45:54 #7 type] 
Type domain.Reservation is not enhanced.

[2025-05-04 10:45:54 #8 type] 
Type domain.Mail is not enhanced.

------------------------------------------------------------------------------------------------------------------------

[2025-05-04 10:46:08 #1 store] 
Database 'C:\Users\1153342\git\Rides\Rides24\src\main\resources\rides.temp' has been recovered (tr. 21-21)

[2025-05-04 10:46:08 #2 store] 
Database 'C:\Users\1153342\git\Rides\Rides24\src\main\resources\rides.temp' is opened by 62820@Anne

[2025-05-04 10:46:08 #3 type] 
Type domain.Driver is not enhanced.

[2025-05-04 10:46:08 #4 type] 
Type domain.Ride is not enhanced.

[2025-05-04 10:46:08 #5 type] 
Type domain.Passenger is not enhanced.

[2025-05-04 10:46:08 #6 type] 
Type domain.Car is not enhanced.

[2025-05-04 10:46:08 #7 type] 
Type domain.Reservation is not enhanced.

[2025-05-04 10:46:08 #8 type] 
Type domain.Mail is not enhanced.

------------------------------------------------------------------------------------------------------------------------

[2025-05-04 10:46:22 #1 store] 
Database 'C:\Users\1153342\git\Rides\Rides24\src\main\resources\rides.temp' has been recovered (tr. 22-22)

[2025-05-04 10:46:22 #2 store] 
Database 'C:\Users\1153342\git\Rides\Rides24\src\main\resources\rides.temp' is opened by 58004@Anne

[2025-05-04 10:46:22 #3 type] 
Type domain.Driver is not enhanced.

[2025-05-04 10:46:22 #4 type] 
Type domain.Ride is not enhanced.

[2025-05-04 10:46:22 #5 type] 
Type domain.Passenger is not enhanced.

[2025-05-04 10:46:22 #6 type] 
Type domain.Car is not enhanced.

[2025-05-04 10:46:22 #7 type] 
Type domain.Reservation is not enhanced.

[2025-05-04 10:46:22 #8 type] 
Type domain.Mail is not enhanced.

